Phase 1: Initial Learning
-----------------------

Playing proof_verification game...
Game completed with score: 8.1
Learning points: ["It's essential to consistently check the logical flow to ensure the conclusion directly follows from the premises.", 'Detailing each intermediate step can enhance understanding and prevent oversight.', 'Using clear and straightforward language is critical for effective communication in proofs.']
Meta-improvements: ['Incorporate more detailed explanations of each logical step to reinforce understanding.', 'Utilize visual aids, such as diagrams or flowcharts, to represent complex arguments and enhance clarity.']

Playing concept_refinement game...
Game completed with score: 8.1
Learning points: ['Precision in defining terms leads to better communication and collaboration in sustainability efforts.', 'Recognizing different interpretations of an initial concept can help tailor discussions and strategies to specific audiences.', 'Refined definitions should encapsulate a balance of essential elements that stakeholders can agree upon.']
Meta-improvements: ['Future refinements should incorporate stakeholder feedback to enhance applicability in varied contexts.', 'A continuous review process can ensure that definitions remain relevant as understanding of concepts evolves.']

Playing debate game...
Game completed with score: 10.0
Learning points: ['The importance of clear communication in presenting arguments.', 'The value of using evidence to strengthen claims and persuade the audience.', "The necessity of anticipating opposing views to bolster one's position.", 'How structured reasoning leads to stronger arguments and makes the debate more engaging.']
Meta-improvements: ['Continuously practice structuring arguments to improve clarity and coherence.', 'Engage in active listening during debates to better identify and address counterarguments.', 'Use diverse sources of evidence to strengthen the case and appeal to various audience members.', 'Reflect post-debate on what strategies were most effective in persuading the audience to inform future debates.']

Playing meta_learning game...
Game completed with score: 8.4
Learning points: ['Understanding the meta-game improves decision-making in real-time.', 'Identifying rival strategies allows for the development of counters or diversions.', 'Learning from losses reinforces the knowledge gained from winning patterns.']
Meta-improvements: ['Introduce regular review sessions after each game to track improvements and patterns.', 'Encourage collaborative analysis with peers to gain diverse perspectives on strategies.', 'Develop a dynamic strategy framework that adapts to new data from ongoing games.']

Phase 2: Dynamic Game Generation
-------------------------------

Generated new game of type: Argument Builder
Rules: ['Players are divided into two teams: Team A (Proponents) and Team B (Opponents).', 'Each team must select a concept related to effective communication and provide arguments supporting their stance.', 'Teams will take turns presenting their arguments while adhering to a time limit of 2 minutes per argument.', 'After both teams have presented their arguments, a third party (could be a teacher or another student) will act as the judge and ask clarifying questions.', 'Teams must listen and respond to the questions posed by the judge, ensuring their arguments are grounded in evidence.', 'Points are awarded for clarity of argument, use of evidence, and ability to counter opposing arguments.']
Success criteria: ['Present a clear and structured argument.', 'Demonstrate understanding of the topic by integrating multiple concepts.', 'Effectively use evidence to support claims and counter opposing views.', 'Respond thoughtfully to questions and critiques from the judge.']
Game completed with score: 9.6
Learning points: ["Understanding that effective communication involves a balance of listening and expressing one's thoughts clearly.", 'Learning to structure arguments in a way that highlights both individual points and acknowledges the value of opposing views.']
Strategy adaptations: []

Generated new game of type: Conceptual Debate
Rules: ['Players are divided into teams of 4-5 members, each team representing different stakeholder perspectives on a specific topic.', 'Each round, players must present arguments that utilize knowledge from weak areas while incorporating effective communication strategies.', 'Players must cite at least three concepts from the weak areas in their arguments.', "Teams can challenge each other's arguments and must provide evidence to support their claims.", 'The game continues for a predetermined number of rounds or until a consensus is reached on the topic.']
Success criteria: ['Teams effectively identify and use weak area concepts in their arguments.', 'Players engage in structured reasoning and robust debate by utilizing critical and logical thinking.', 'Demonstration of understanding through the successful defense of claims and counterarguments.']
Game completed with score: 10.0
Learning points: ['Teams successfully identified relevant weak area concepts, such as the socio-economic impacts of climate change and the role of corporate accountability.', 'Engagement and structured reasoning led to deeper insights into the multifaceted dimensions of climate change, beyond just environmental impacts.', 'Teams demonstrated effective communication by clearly articulating and defending their positions while addressing counterarguments.']
Strategy adaptations: []

Phase 3: Learning Strategy Evolution
----------------------------------

Strategy: Logical Flow Verification
Effectiveness: 0.5
Applications: 0
Evolution:
- Implement a systematic check of logical steps after drafting a proof to ensure each conclusion follows from the premises. (2024-12-29T00:27:04.627245)

Strategy: Step-by-Step Detailing
Effectiveness: 0.5
Applications: 3
Evolution:
- Break down complex arguments into clear and explicit intermediate steps to facilitate understanding. (2024-12-29T00:27:04.627298)
- Expand the strategy to include a final review phase where refined definitions and key terms are reiterated for clarity and consensus among stakeholders. (2024-12-29T00:27:12.819259)
- Include a component that emphasizes the importance of recognizing rival strategies at each step to enhance defensive and offensive moves. (2024-12-29T00:27:42.409991)
- Incorporate explicit references to acknowledged opposing views at each step to reinforce a balanced dialogue. (2024-12-29T00:27:56.131822)

Strategy: Clarity in Communication
Effectiveness: 0.5
Applications: 5
Evolution:
- Adopt clear and straightforward language throughout the proof to improve reader comprehension. (2024-12-29T00:27:04.627306)
- Enhance the strategy to include visual aids and examples that illustrate concepts to ensure diverse interpretations are clearly understood. (2024-12-29T00:27:12.819255)
- Incorporate storytelling techniques to make arguments more relatable and engaging for the audience. (2024-12-29T00:27:20.906091)
- Expand on communication clarity by integrating meta-cognitive strategies that encourage reflection on decision-making processes and their implications. (2024-12-29T00:27:42.409986)
- Enhance visual aids and examples by ensuring they include representations of opposing views to foster comprehensive understanding. (2024-12-29T00:27:56.131827)
- Integrate techniques specifically geared toward discussing complex societal issues by using relatable case studies and narratives. (2024-12-29T00:28:09.750589)

Strategy: Stakeholder Engagement
Effectiveness: 0.5
Applications: 3
Evolution:
- Incorporate systematic engagement with diverse stakeholders to gather different interpretations of key concepts before formal discussions. (2024-12-29T00:27:12.819217)
- Enhance this strategy with regular feedback loops, allowing for ongoing adjustments based on stakeholder inputs throughout the debate preparation process. (2024-12-29T00:27:20.906096)
- Add a focus on gathering insights about opposing perspectives from stakeholders to broaden understanding and improve argument structure. (2024-12-29T00:27:56.131836)
- Broaden engagement efforts to include not only perspectives on the topic at hand but also the socio-economic contexts influencing those views. (2024-12-29T00:28:09.750595)

Strategy: Collaborative Definition Refinement
Effectiveness: 0.5
Applications: 0
Evolution:
- Facilitate sessions involving key stakeholders to collaboratively refine definitions and identify essential elements crucial for consensus. (2024-12-29T00:27:12.819247)

Strategy: Evidence Utilization Enhancement
Effectiveness: 0.5
Applications: 2
Evolution:
- Integrate the use of robust evidence and sources to substantiate assertions, thus enhancing persuasiveness in arguments. (2024-12-29T00:27:20.906056)
- Broaden evidence utilization to not only include data supporting claims but also to understand and anticipate rival evidence and strategies. (2024-12-29T00:27:42.409995)
- Encourage the use of evidence not only to support claims but also to illustrate and understand opposing viewpoints. (2024-12-29T00:27:56.131831)

Strategy: Opposing View Analysis
Effectiveness: 0.5
Applications: 1
Evolution:
- Develop a proactive approach to analyze and summarize opposing viewpoints, preparing counterarguments in advance. (2024-12-29T00:27:20.906080)
- Strengthen the approach by iterating the analysis process to account for new rival strategies and patterns as games progress. (2024-12-29T00:27:42.409999)

Strategy: Structured Reasoning Workshops
Effectiveness: 0.5
Applications: 1
Evolution:
- Conduct workshops aimed at structuring reasoning more effectively, focusing on clear progression from premises to conclusion. (2024-12-29T00:27:20.906085)
- Incorporate training focused on creating frameworks that assist teams in logically connecting environmental impacts with socio-economic factors during debates. (2024-12-29T00:28:09.750605)

Strategy: Meta-Game Awareness
Effectiveness: 0.5
Applications: 0
Evolution:
- Develop an understanding of the broader game dynamics to inform real-time decision-making. (2024-12-29T00:27:42.409944)

Strategy: Rival Strategy Identification
Effectiveness: 0.5
Applications: 0
Evolution:
- Create a framework for identifying and analyzing competitor strategies to develop effective counters. (2024-12-29T00:27:42.409974)

Strategy: Learning from Defeats
Effectiveness: 0.5
Applications: 0
Evolution:
- Establish a systematic process for reviewing past losses to extract valuable insights and improve future performance. (2024-12-29T00:27:42.409979)

Strategy: Active Listening Integration
Effectiveness: 0.5
Applications: 0
Evolution:
- Incorporate active listening techniques within debates to foster better engagement and understanding among participants. (2024-12-29T00:27:56.131761)

Strategy: Argument Acknowledgment Framework
Effectiveness: 0.5
Applications: 0
Evolution:
- Establish a framework for explicitly acknowledging and valuing opposing views in arguments to enhance persuasive effectiveness and promote constructive dialogues. (2024-12-29T00:27:56.131810)

Strategy: Reflective Feedback Sessions
Effectiveness: 0.5
Applications: 1
Evolution:
- Implement reflective feedback sessions that allow participants to discuss what strategies worked or did not work in previous debates, emphasizing the importance of adapting to diverse communication styles. (2024-12-29T00:27:56.131815)
- Enhance discussions to include analyses of how well various viewpoints on socio-economic and environmental issues were integrated into arguments. (2024-12-29T00:28:09.750600)

Strategy: Complex Issue Engagement
Effectiveness: 0.5
Applications: 0
Evolution:
- Develop a strategy focused on engaging stakeholders in multifaceted issues, using scenarios that illustrate interconnections between social, economic, and environmental factors to enhance holistic understanding. (2024-12-29T00:28:09.750555)

Phase 4: Knowledge State Analysis
--------------------------------

Knowledge Summary:
Total concepts: 115
Average confidence: 0.50
Strong areas: []
Areas needing improvement: ['essential', 'consistently', 'logical', 'ensure', 'conclusion', 'directly', 'follows', 'premises.', 'detailing', 'intermediate', 'enhance', 'understanding', 'prevent', 'oversight.', 'straightforward', 'language', 'critical', 'effective', 'communication', 'proofs.', 'precision', 'defining', 'better', 'collaboration', 'sustainability', 'efforts.', 'recognizing', 'different', 'interpretations', 'initial', 'concept', 'tailor', 'discussions', 'strategies', 'specific', 'audiences.', 'refined', 'definitions', 'should', 'encapsulate', 'balance', 'elements', 'stakeholders', 'importance', 'presenting', 'arguments.', 'evidence', 'strengthen', 'claims', 'persuade', 'audience.', 'necessity', 'anticipating', 'opposing', 'bolster', 'position.', 'structured', 'reasoning', 'stronger', 'arguments', 'debate', 'engaging.', 'meta-game', 'improves', 'decision-making', 'real-time.', 'identifying', 'allows', 'development', 'counters', 'diversions.', 'learning', 'losses', 'reinforces', 'knowledge', 'gained', 'winning', 'patterns.', 'involves', 'listening', 'expressing', 'thoughts', 'clearly.', 'structure', 'highlights', 'individual', 'points', 'acknowledges', 'views.', 'successfully', 'identified', 'relevant', 'concepts,', 'socio-economic', 'impacts', 'climate', 'change', 'corporate', 'accountability.', 'engagement', 'deeper', 'insights', 'multifaceted', 'dimensions', 'change,', 'beyond', 'environmental', 'impacts.', 'demonstrated', 'clearly', 'articulating', 'defending', 'positions', 'addressing', 'counterarguments.']
